Starting audit...
[ERROR] C:\Users\admin\Desktop\ADS-1\ADS-1-assignments\m7\7.1 Steque\Steque.java:0: File does not end with a newline. [NewlineAtEndOfFile]
[ERROR] C:\Users\admin\Desktop\ADS-1\ADS-1-assignments\m7\7.1 Steque\Steque.java:8:9: Variable 'data' must be private and have accessor methods. [VisibilityModifier]
[ERROR] C:\Users\admin\Desktop\ADS-1\ADS-1-assignments\m7\7.1 Steque\Steque.java:12:10: Variable 'next' must be private and have accessor methods. [VisibilityModifier]
[ERROR] C:\Users\admin\Desktop\ADS-1\ADS-1-assignments\m7\7.1 Steque\Steque.java:18:10: Parameter data should be final. [FinalParameters]
[ERROR] C:\Users\admin\Desktop\ADS-1\ADS-1-assignments\m7\7.1 Steque\Steque.java:18:14: 'data' hides a field. [HiddenField]
[ERROR] C:\Users\admin\Desktop\ADS-1\ADS-1-assignments\m7\7.1 Steque\Steque.java:29:10: Variable 'start' must be private and have accessor methods. [VisibilityModifier]
[ERROR] C:\Users\admin\Desktop\ADS-1\ADS-1-assignments\m7\7.1 Steque\Steque.java:33:9: Variable 'size' must be private and have accessor methods. [VisibilityModifier]
[ERROR] C:\Users\admin\Desktop\ADS-1\ADS-1-assignments\m7\7.1 Steque\Steque.java:115: Line has trailing spaces. [RegexpSingleline]
[ERROR] C:\Users\admin\Desktop\ADS-1\ADS-1-assignments\m7\7.1 Steque\Steque.java:115: Line is longer than 80 characters (found 606). [LineLength]
Audit done.
Checkstyle ends with 9 errors.
